0 verbose cli /usr/local/nvm/versions/node/v24.11.1/bin/node /usr/local/nvm/versions/node/v24.11.1/bin/npm
1 info using npm@11.6.4
2 info using node@v24.11.1
3 silly config load:file:/usr/local/nvm/versions/node/v24.11.1/lib/node_modules/npm/npmrc
4 silly config load:file:/home/laouinieya3/frontend/.npmrc
5 silly config load:file:/home/laouinieya3/.npmrc
6 silly config load:file:/usr/local/nvm/versions/node/v24.11.1/etc/npmrc
7 verbose title npm audit
8 verbose argv "audit"
9 verbose logfile logs-max:10 dir:/home/laouinieya3/.npm/_logs/2025-12-11T23_42_14_207Z-
10 verbose logfile /home/laouinieya3/.npm/_logs/2025-12-11T23_42_14_207Z-debug-0.log
11 silly logfile done cleaning log files
12 silly packumentCache heap:2348810240 maxSize:587202560 maxEntrySize:293601280
13 silly audit bulk request {
13 silly audit   '@alloc/quick-lru': [ '5.2.0' ],
13 silly audit   '@jridgewell/gen-mapping': [ '0.3.13' ],
13 silly audit   '@jridgewell/resolve-uri': [ '3.1.2' ],
13 silly audit   '@jridgewell/sourcemap-codec': [ '1.5.5' ],
13 silly audit   '@jridgewell/trace-mapping': [ '0.3.31' ],
13 silly audit   '@next/env': [ '14.1.0' ],
13 silly audit   '@next/swc-darwin-arm64': [ '14.1.0' ],
13 silly audit   '@next/swc-darwin-x64': [ '14.1.0' ],
13 silly audit   '@next/swc-linux-arm64-gnu': [ '14.1.0' ],
13 silly audit   '@next/swc-linux-arm64-musl': [ '14.1.0' ],
13 silly audit   '@next/swc-linux-x64-gnu': [ '14.1.0' ],
13 silly audit   '@next/swc-linux-x64-musl': [ '14.1.0' ],
13 silly audit   '@next/swc-win32-arm64-msvc': [ '14.1.0' ],
13 silly audit   '@next/swc-win32-ia32-msvc': [ '14.1.0' ],
13 silly audit   '@next/swc-win32-x64-msvc': [ '14.1.0' ],
13 silly audit   '@nodelib/fs.scandir': [ '2.1.5' ],
13 silly audit   '@nodelib/fs.stat': [ '2.0.5' ],
13 silly audit   '@nodelib/fs.walk': [ '1.2.8' ],
13 silly audit   '@swc/helpers': [ '0.5.2' ],
13 silly audit   '@types/debug': [ '4.1.12' ],
13 silly audit   '@types/estree': [ '1.0.8' ],
13 silly audit   '@types/estree-jsx': [ '1.0.5' ],
13 silly audit   '@types/hast': [ '3.0.4' ],
13 silly audit   '@types/mdast': [ '4.0.4' ],
13 silly audit   '@types/ms': [ '2.1.0' ],
13 silly audit   '@types/node': [ '20.19.26' ],
13 silly audit   '@types/prop-types': [ '15.7.15' ],
13 silly audit   '@types/react': [ '18.3.27' ],
13 silly audit   '@types/react-dom': [ '18.3.7' ],
13 silly audit   '@types/unist': [ '3.0.3', '2.0.11' ],
13 silly audit   '@ungap/structured-clone': [ '1.3.0' ],
13 silly audit   'any-promise': [ '1.3.0' ],
13 silly audit   anymatch: [ '3.1.3' ],
13 silly audit   arg: [ '5.0.2' ],
13 silly audit   autoprefixer: [ '10.4.22' ],
13 silly audit   bail: [ '2.0.2' ],
13 silly audit   'baseline-browser-mapping': [ '2.9.6' ],
13 silly audit   'binary-extensions': [ '2.3.0' ],
13 silly audit   braces: [ '3.0.3' ],
13 silly audit   browserslist: [ '4.28.1' ],
13 silly audit   busboy: [ '1.6.0' ],
13 silly audit   'camelcase-css': [ '2.0.1' ],
13 silly audit   'caniuse-lite': [ '1.0.30001760' ],
13 silly audit   ccount: [ '2.0.1' ],
13 silly audit   'character-entities': [ '2.0.2' ],
13 silly audit   'character-entities-html4': [ '2.1.0' ],
13 silly audit   'character-entities-legacy': [ '3.0.0' ],
13 silly audit   'character-reference-invalid': [ '2.0.1' ],
13 silly audit   chokidar: [ '3.6.0' ],
13 silly audit   'glob-parent': [ '5.1.2', '6.0.2' ],
13 silly audit   'client-only': [ '0.0.1' ],
13 silly audit   'comma-separated-tokens': [ '2.0.3' ],
13 silly audit   commander: [ '4.1.1' ],
13 silly audit   cssesc: [ '3.0.0' ],
13 silly audit   csstype: [ '3.2.3' ],
13 silly audit   debug: [ '4.4.3' ],
13 silly audit   'decode-named-character-reference': [ '1.2.0' ],
13 silly audit   dequal: [ '2.0.3' ],
13 silly audit   devlop: [ '1.1.0' ],
13 silly audit   didyoumean: [ '1.2.2' ],
13 silly audit   dlv: [ '1.1.3' ],
13 silly audit   'electron-to-chromium': [ '1.5.267' ],
13 silly audit   escalade: [ '3.2.0' ],
13 silly audit   'escape-string-regexp': [ '5.0.0' ],
13 silly audit   'estree-util-is-identifier-name': [ '3.0.0' ],
13 silly audit   extend: [ '3.0.2' ],
13 silly audit   'fast-glob': [ '3.3.3' ],
13 silly audit   fastq: [ '1.19.1' ],
13 silly audit   'fill-range': [ '7.1.1' ],
13 silly audit   'fraction.js': [ '5.3.4' ],
13 silly audit   fsevents: [ '2.3.3' ],
13 silly audit   'function-bind': [ '1.1.2' ],
13 silly audit   'graceful-fs': [ '4.2.11' ],
13 silly audit   hasown: [ '2.0.2' ],
13 silly audit   'hast-util-to-jsx-runtime': [ '2.3.6' ],
13 silly audit   'hast-util-whitespace': [ '3.0.0' ],
13 silly audit   'html-url-attributes': [ '3.0.1' ],
13 silly audit   'inline-style-parser': [ '0.2.7' ],
13 silly audit   'is-alphabetical': [ '2.0.1' ],
13 silly audit   'is-alphanumerical': [ '2.0.1' ],
13 silly audit   'is-binary-path': [ '2.1.0' ],
13 silly audit   'is-core-module': [ '2.16.1' ],
13 silly audit   'is-decimal': [ '2.0.1' ],
13 silly audit   'is-extglob': [ '2.1.1' ],
13 silly audit   'is-glob': [ '4.0.3' ],
13 silly audit   'is-hexadecimal': [ '2.0.1' ],
13 silly audit   'is-number': [ '7.0.0' ],
13 silly audit   'is-plain-obj': [ '4.1.0' ],
13 silly audit   jiti: [ '1.21.7' ],
13 silly audit   'js-tokens': [ '4.0.0' ],
13 silly audit   lilconfig: [ '3.1.3' ],
13 silly audit   'lines-and-columns': [ '1.2.4' ],
13 silly audit   'longest-streak': [ '3.1.0' ],
13 silly audit   'loose-envify': [ '1.4.0' ],
13 silly audit   'markdown-table': [ '3.0.4' ],
13 silly audit   'mdast-util-find-and-replace': [ '3.0.2' ],
13 silly audit   'mdast-util-from-markdown': [ '2.0.2' ],
13 silly audit   'mdast-util-gfm': [ '3.1.0' ],
13 silly audit   'mdast-util-gfm-autolink-literal': [ '2.0.1' ],
13 silly audit   'mdast-util-gfm-footnote': [ '2.1.0' ],
13 silly audit   'mdast-util-gfm-strikethrough': [ '2.0.0' ],
13 silly audit   'mdast-util-gfm-table': [ '2.0.0' ],
13 silly audit   'mdast-util-gfm-task-list-item': [ '2.0.0' ],
13 silly audit   'mdast-util-mdx-expression': [ '2.0.1' ],
13 silly audit   'mdast-util-mdx-jsx': [ '3.2.0' ],
13 silly audit   'mdast-util-mdxjs-esm': [ '2.0.1' ],
13 silly audit   'mdast-util-phrasing': [ '4.1.0' ],
13 silly audit   'mdast-util-to-hast': [ '13.2.1' ],
13 silly audit   'mdast-util-to-markdown': [ '2.1.2' ],
13 silly audit   'mdast-util-to-string': [ '4.0.0' ],
13 silly audit   merge2: [ '1.4.1' ],
13 silly audit   micromark: [ '4.0.2' ],
13 silly audit   'micromark-core-commonmark': [ '2.0.3' ],
13 silly audit   'micromark-extension-gfm': [ '3.0.0' ],
13 silly audit   'micromark-extension-gfm-autolink-literal': [ '2.1.0' ],
13 silly audit   'micromark-extension-gfm-footnote': [ '2.1.0' ],
13 silly audit   'micromark-extension-gfm-strikethrough': [ '2.1.0' ],
13 silly audit   'micromark-extension-gfm-table': [ '2.1.1' ],
13 silly audit   'micromark-extension-gfm-tagfilter': [ '2.0.0' ],
13 silly audit   'micromark-extension-gfm-task-list-item': [ '2.1.0' ],
13 silly audit   'micromark-factory-destination': [ '2.0.1' ],
13 silly audit   'micromark-factory-label': [ '2.0.1' ],
13 silly audit   'micromark-factory-space': [ '2.0.1' ],
13 silly audit   'micromark-factory-title': [ '2.0.1' ],
13 silly audit   'micromark-factory-whitespace': [ '2.0.1' ],
13 silly audit   'micromark-util-character': [ '2.1.1' ],
13 silly audit   'micromark-util-chunked': [ '2.0.1' ],
13 silly audit   'micromark-util-classify-character': [ '2.0.1' ],
13 silly audit   'micromark-util-combine-extensions': [ '2.0.1' ],
13 silly audit   'micromark-util-decode-numeric-character-reference': [ '2.0.2' ],
13 silly audit   'micromark-util-decode-string': [ '2.0.1' ],
13 silly audit   'micromark-util-encode': [ '2.0.1' ],
13 silly audit   'micromark-util-html-tag-name': [ '2.0.1' ],
13 silly audit   'micromark-util-normalize-identifier': [ '2.0.1' ],
13 silly audit   'micromark-util-resolve-all': [ '2.0.1' ],
13 silly audit   'micromark-util-sanitize-uri': [ '2.0.1' ],
13 silly audit   'micromark-util-subtokenize': [ '2.1.0' ],
13 silly audit   'micromark-util-symbol': [ '2.0.1' ],
13 silly audit   'micromark-util-types': [ '2.0.2' ],
13 silly audit   micromatch: [ '4.0.8' ],
13 silly audit   ms: [ '2.1.3' ],
13 silly audit   mz: [ '2.7.0' ],
13 silly audit   nanoid: [ '3.3.11' ],
13 silly audit   next: [ '14.1.0' ],
13 silly audit   postcss: [ '8.4.31', '8.5.6' ],
13 silly audit   'node-releases': [ '2.0.27' ],
13 silly audit   'normalize-path': [ '3.0.0' ],
13 silly audit   'normalize-range': [ '0.1.2' ],
13 silly audit   'object-assign': [ '4.1.1' ],
13 silly audit   'object-hash': [ '3.0.0' ],
13 silly audit   'parse-entities': [ '4.0.2' ],
13 silly audit   'path-parse': [ '1.0.7' ],
13 silly audit   picocolors: [ '1.1.1' ],
13 silly audit   picomatch: [ '2.3.1', '4.0.3' ],
13 silly audit   pify: [ '2.3.0' ],
13 silly audit   pirates: [ '4.0.7' ],
13 silly audit   'postcss-import': [ '15.1.0' ],
13 silly audit   'postcss-js': [ '4.1.0' ],
13 silly audit   'postcss-load-config': [ '6.0.1' ],
13 silly audit   'postcss-nested': [ '6.2.0' ],
13 silly audit   'postcss-selector-parser': [ '6.1.2' ],
13 silly audit   'postcss-value-parser': [ '4.2.0' ],
13 silly audit   'property-information': [ '7.1.0' ],
13 silly audit   'queue-microtask': [ '1.2.3' ],
13 silly audit   react: [ '18.3.1' ],
13 silly audit   'react-dom': [ '18.3.1' ],
13 silly audit   'react-markdown': [ '9.1.0' ],
13 silly audit   'read-cache': [ '1.0.0' ],
13 silly audit   readdirp: [ '3.6.0' ],
13 silly audit   'remark-gfm': [ '4.0.1' ],
13 silly audit   'remark-parse': [ '11.0.0' ],
13 silly audit   'remark-rehype': [ '11.1.2' ],
13 silly audit   'remark-stringify': [ '11.0.0' ],
13 silly audit   resolve: [ '1.22.11' ],
13 silly audit   reusify: [ '1.1.0' ],
13 silly audit   'run-parallel': [ '1.2.0' ],
13 silly audit   scheduler: [ '0.23.2' ],
13 silly audit   'source-map-js': [ '1.2.1' ],
13 silly audit   'space-separated-tokens': [ '2.0.2' ],
13 silly audit   streamsearch: [ '1.1.0' ],
13 silly audit   'stringify-entities': [ '4.0.4' ],
13 silly audit   'style-to-js': [ '1.1.21' ],
13 silly audit   'style-to-object': [ '1.0.14' ],
13 silly audit   'styled-jsx': [ '5.1.1' ],
13 silly audit   sucrase: [ '3.35.1' ],
13 silly audit   'supports-preserve-symlinks-flag': [ '1.0.0' ],
13 silly audit   tailwindcss: [ '3.4.19' ],
13 silly audit   thenify: [ '3.3.1' ],
13 silly audit   'thenify-all': [ '1.6.0' ],
13 silly audit   tinyglobby: [ '0.2.15' ],
13 silly audit   fdir: [ '6.5.0' ],
13 silly audit   'to-regex-range': [ '5.0.1' ],
13 silly audit   'trim-lines': [ '3.0.1' ],
13 silly audit   trough: [ '2.2.0' ],
13 silly audit   'ts-interface-checker': [ '0.1.13' ],
13 silly audit   tslib: [ '2.8.1' ],
13 silly audit   typescript: [ '5.9.3' ],
13 silly audit   'undici-types': [ '6.21.0' ],
13 silly audit   unified: [ '11.0.5' ],
13 silly audit   'unist-util-is': [ '6.0.1' ],
13 silly audit   'unist-util-position': [ '5.0.0' ],
13 silly audit   'unist-util-stringify-position': [ '4.0.0' ],
13 silly audit   'unist-util-visit': [ '5.0.0' ],
13 silly audit   'unist-util-visit-parents': [ '6.0.2' ],
13 silly audit   'update-browserslist-db': [ '1.2.2' ],
13 silly audit   'util-deprecate': [ '1.0.2' ],
13 silly audit   vfile: [ '6.0.3' ],
13 silly audit   'vfile-message': [ '4.0.3' ],
13 silly audit   zwitch: [ '2.0.4' ]
13 silly audit }
14 http fetch POST 200 https://registry.npmjs.org/-/npm/v1/security/advisories/bulk 326ms
15 silly audit report {
15 silly audit report   next: [
15 silly audit report     {
15 silly audit report       id: 1099638,
15 silly audit report       url: 'https://github.com/advisories/GHSA-gp8f-8m3g-qvj9',
15 silly audit report       title: 'Next.js Cache Poisoning',
15 silly audit report       severity: 'high',
15 silly audit report       vulnerable_versions: '>=14.0.0 <14.2.10',
15 silly audit report       cwe: [Array],
15 silly audit report       cvss: [Object]
15 silly audit report     },
15 silly audit report     {
15 silly audit report       id: 1100421,
15 silly audit report       url: 'https://github.com/advisories/GHSA-g77x-44xx-532m',
15 silly audit report       title: 'Denial of Service condition in Next.js image optimization',
15 silly audit report       severity: 'moderate',
15 silly audit report       vulnerable_versions: '>=10.0.0 <14.2.7',
15 silly audit report       cwe: [Array],
15 silly audit report       cvss: [Object]
15 silly audit report     },
15 silly audit report     {
15 silly audit report       id: 1101438,
15 silly audit report       url: 'https://github.com/advisories/GHSA-7m27-7ghc-44w9',
15 silly audit report       title: 'Next.js Allows a Denial of Service (DoS) with Server Actions',
15 silly audit report       severity: 'moderate',
15 silly audit report       vulnerable_versions: '>=14.0.0 <14.2.21',
15 silly audit report       cwe: [Array],
15 silly audit report       cvss: [Object]
15 silly audit report     },
15 silly audit report     {
15 silly audit report       id: 1105461,
15 silly audit report       url: 'https://github.com/advisories/GHSA-3h52-269p-cp9r',
15 silly audit report       title: 'Information exposure in Next.js dev server due to lack of origin verification',
15 silly audit report       severity: 'low',
15 silly audit report       vulnerable_versions: '>=13.0 <14.2.30',
15 silly audit report       cwe: [Array],
15 silly audit report       cvss: [Object]
15 silly audit report     },
15 silly audit report     {
15 silly audit report       id: 1111391,
15 silly audit report       url: 'https://github.com/advisories/GHSA-mwv6-3258-q52c',
15 silly audit report       title: 'Next Vulnerable to Denial of Service with Server Components',
15 silly audit report       severity: 'high',
15 silly audit report       vulnerable_versions: '>=13.3.0 <14.2.34',
15 silly audit report       cwe: [Array],
15 silly audit report       cvss: [Object]
15 silly audit report     },
15 silly audit report     {
15 silly audit report       id: 1107226,
15 silly audit report       url: 'https://github.com/advisories/GHSA-g5qg-72qw-gw5v',
15 silly audit report       title: 'Next.js Affected by Cache Key Confusion for Image Optimization API Routes',
15 silly audit report       severity: 'moderate',
15 silly audit report       vulnerable_versions: '>=0.9.9 <14.2.31',
15 silly audit report       cwe: [Array],
15 silly audit report       cvss: [Object]
15 silly audit report     },
15 silly audit report     {
15 silly audit report       id: 1107420,
15 silly audit report       url: 'https://github.com/advisories/GHSA-7gfc-8cq8-jh5f',
15 silly audit report       title: 'Next.js authorization bypass vulnerability',
15 silly audit report       severity: 'high',
15 silly audit report       vulnerable_versions: '>=9.5.5 <14.2.15',
15 silly audit report       cwe: [Array],
15 silly audit report       cvss: [Object]
15 silly audit report     },
15 silly audit report     {
15 silly audit report       id: 1107512,
15 silly audit report       url: 'https://github.com/advisories/GHSA-4342-x723-ch2f',
15 silly audit report       title: 'Next.js Improper Middleware Redirect Handling Leads to SSRF',
15 silly audit report       severity: 'moderate',
15 silly audit report       vulnerable_versions: '>=0.9.9 <14.2.32',
15 silly audit report       cwe: [Array],
15 silly audit report       cvss: [Object]
15 silly audit report     },
15 silly audit report     {
15 silly audit report       id: 1107513,
15 silly audit report       url: 'https://github.com/advisories/GHSA-xv57-4mr9-wg8v',
15 silly audit report       title: 'Next.js Content Injection Vulnerability for Image Optimization',
15 silly audit report       severity: 'moderate',
15 silly audit report       vulnerable_versions: '>=0.9.9 <14.2.31',
15 silly audit report       cwe: [Array],
15 silly audit report       cvss: [Object]
15 silly audit report     },
15 silly audit report     {
15 silly audit report       id: 1108291,
15 silly audit report       url: 'https://github.com/advisories/GHSA-qpjv-v59x-3qc4',
15 silly audit report       title: 'Next.js Race Condition to Cache Poisoning',
15 silly audit report       severity: 'low',
15 silly audit report       vulnerable_versions: '>=0.9.9 <14.2.24',
15 silly audit report       cwe: [Array],
15 silly audit report       cvss: [Object]
15 silly audit report     },
15 silly audit report     {
15 silly audit report       id: 1108953,
15 silly audit report       url: 'https://github.com/advisories/GHSA-f82v-jwr5-mffw',
15 silly audit report       title: 'Authorization Bypass in Next.js Middleware',
15 silly audit report       severity: 'critical',
15 silly audit report       vulnerable_versions: '>=14.0.0 <14.2.25',
15 silly audit report       cwe: [Array],
15 silly audit report       cvss: [Object]
15 silly audit report     },
15 silly audit report     {
15 silly audit report       id: 1097295,
15 silly audit report       url: 'https://github.com/advisories/GHSA-fr5h-rqp8-mj6g',
15 silly audit report       title: 'Next.js Server-Side Request Forgery in Server Actions',
15 silly audit report       severity: 'high',
15 silly audit report       vulnerable_versions: '>=13.4.0 <14.1.1',
15 silly audit report       cwe: [Array],
15 silly audit report       cvss: [Object]
15 silly audit report     }
15 silly audit report   ]
15 silly audit report }
16 silly packumentCache corgi:https://registry.npmjs.org/next cache-miss
17 http cache https://registry.npmjs.org/next 95ms (cache hit)
18 silly packumentCache corgi:https://registry.npmjs.org/next set size:22935769 disposed:false
19 verbose cwd /home/laouinieya3/frontend
20 verbose os Linux 6.6.111+
21 verbose node v24.11.1
22 verbose npm  v11.6.4
23 verbose exit 1
24 verbose code 1
